<?xml version="1.0" encoding="UTF-8"?>
<!-- Generated by org.testng.reporters.JUnitReportReporter -->
<testsuite hostname="Sheherjan" failures="0" tests="6" name="com.tutorialsninja.qa.testcases.login" time="113.021" errors="0" timestamp="2024-01-13T15:25:50 BDT" skipped="0">
  <testcase classname="com.tutorialsninja.qa.testcases.login" name="verifyLoginWithValidCredentials" time="16.874"/>
  <system-out/>
  <testcase classname="com.tutorialsninja.qa.testcases.login" name="verifyLoginWithValidCredentials" time="15.861"/>
  <system-out/>
  <testcase classname="com.tutorialsninja.qa.testcases.login" name="verifyLoginWithInvalidCredentials" time="17.249"/>
  <system-out/>
  <testcase classname="com.tutorialsninja.qa.testcases.login" name="verifyLoginWithValidEmailInvalidPassword" time="17.779"/>
  <system-out/>
  <testcase classname="com.tutorialsninja.qa.testcases.login" name="verifyLoginWithValidPasswordInvalidEmail" time="28.198"/>
  <system-out/>
  <testcase classname="com.tutorialsninja.qa.testcases.login" name="verifyLoginWithoutCredentials" time="17.060"/>
  <system-out/>
</testsuite> <!-- com.tutorialsninja.qa.testcases.login -->
